2016/07/18 11:39:56 INFO  - jmeter.util.JMeterUtils: Setting Locale to en_US 
2016/07/18 11:39:56 INFO  - jmeter.JMeter: Loading user properties from: /usr/local/Cellar/jmeter/3.0/libexec/bin/user.properties 
2016/07/18 11:39:56 INFO  - jmeter.JMeter: Loading system properties from: /usr/local/Cellar/jmeter/3.0/libexec/bin/system.properties 
2016/07/18 11:39:56 INFO  - jmeter.JMeter: Copyright (c) 1998-2016 The Apache Software Foundation 
2016/07/18 11:39:56 INFO  - jmeter.JMeter: Version 3.0 r1743807 
2016/07/18 11:39:56 INFO  - jmeter.JMeter: java.version=1.8.0_92 
2016/07/18 11:39:56 INFO  - jmeter.JMeter: java.vm.name=Java HotSpot(TM) 64-Bit Server VM 
2016/07/18 11:39:56 INFO  - jmeter.JMeter: os.name=Mac OS X 
2016/07/18 11:39:56 INFO  - jmeter.JMeter: os.arch=x86_64 
2016/07/18 11:39:56 INFO  - jmeter.JMeter: os.version=10.11.5 
2016/07/18 11:39:56 INFO  - jmeter.JMeter: file.encoding=UTF-8 
2016/07/18 11:39:56 INFO  - jmeter.JMeter: Max memory     =514850816 
2016/07/18 11:39:56 INFO  - jmeter.JMeter: Available Processors =4 
2016/07/18 11:39:56 INFO  - jmeter.JMeter: Default Locale=English (United States) 
2016/07/18 11:39:56 INFO  - jmeter.JMeter: JMeter  Locale=English (United States) 
2016/07/18 11:39:56 INFO  - jmeter.JMeter: JMeterHome=/usr/local/Cellar/jmeter/3.0/libexec 
2016/07/18 11:39:56 INFO  - jmeter.JMeter: user.dir  =/Users/victorsilva/WebstormProjects/GoFan 
2016/07/18 11:39:56 INFO  - jmeter.JMeter: PWD       =/Users/victorsilva/WebstormProjects/GoFan 
2016/07/18 11:39:56 INFO  - jmeter.JMeter: IP: 192.168.1.209 Name: Victors-MacBook-Pro.local FullName: 192.168.1.209 
2016/07/18 11:39:56 INFO  - jmeter.gui.action.LookAndFeelCommand: Using look and feel: com.apple.laf.AquaLookAndFeel [Mac OS X, System] 
2016/07/18 11:39:56 INFO  - jmeter.JMeter: Loaded icon properties from org/apache/jmeter/images/icon.properties 
2016/07/18 11:39:59 INFO  - jmeter.engine.util.CompoundVariable: Note: Function class names must contain the string: '.functions.' 
2016/07/18 11:39:59 INFO  - jmeter.engine.util.CompoundVariable: Note: Function class names must not contain the string: '.gui.' 
2016/07/18 11:40:02 INFO  - jmeter.util.BSFTestElement: Registering JMeter version of JavaScript engine as work-round for BSF-22 
2016/07/18 11:40:02 INFO  - jmeter.protocol.http.sampler.HTTPSamplerBase: Parser for text/html is org.apache.jmeter.protocol.http.parser.LagartoBasedHtmlParser 
2016/07/18 11:40:02 INFO  - jmeter.protocol.http.sampler.HTTPSamplerBase: Parser for application/xhtml+xml is org.apache.jmeter.protocol.http.parser.LagartoBasedHtmlParser 
2016/07/18 11:40:02 INFO  - jmeter.protocol.http.sampler.HTTPSamplerBase: Parser for application/xml is org.apache.jmeter.protocol.http.parser.LagartoBasedHtmlParser 
2016/07/18 11:40:02 INFO  - jmeter.protocol.http.sampler.HTTPSamplerBase: Parser for text/xml is org.apache.jmeter.protocol.http.parser.LagartoBasedHtmlParser 
2016/07/18 11:40:02 INFO  - jmeter.protocol.http.sampler.HTTPSamplerBase: Parser for text/vnd.wap.wml is org.apache.jmeter.protocol.http.parser.RegexpHTMLParser 
2016/07/18 11:40:02 INFO  - jmeter.protocol.http.sampler.HTTPSamplerBase: Parser for text/css is org.apache.jmeter.protocol.http.parser.CssParser 
